\BOOKMARK [2][]{Outline0.1}{Differentiation \205 An Introduction}{}% 1
\BOOKMARK [2][]{Outline0.2}{Differentiation \205 An Introduction}{}% 2
\BOOKMARK [2][]{Outline0.3}{Derivative}{}% 3
\BOOKMARK [2][]{Outline0.4}{Derivative}{}% 4
\BOOKMARK [2][]{Outline0.5}{Derivative}{}% 5
\BOOKMARK [2][]{Outline0.6}{Derivative}{}% 6
\BOOKMARK [2][]{Outline0.7}{Rules of Differentiation}{}% 7
\BOOKMARK [2][]{Outline0.8}{Application of Differentiation}{}% 8
\BOOKMARK [2][]{Outline0.9}{Application of Differentiation}{}% 9
\BOOKMARK [2][]{Outline0.10}{Application of Differentiation}{}% 10
\BOOKMARK [2][]{Outline0.11}{Application of Differentiation}{}% 11
\BOOKMARK [2][]{Outline0.12}{Application of Differentiation}{}% 12
\BOOKMARK [2][]{Outline0.13}{Exercise}{}% 13
\BOOKMARK [2][]{Outline0.14}{Exercise}{}% 14
\BOOKMARK [2][]{Outline0.15}{Exercise}{}% 15
\BOOKMARK [2][]{Outline0.16}{Exercise}{}% 16
\BOOKMARK [2][]{Outline0.17}{Exercise}{}% 17
\BOOKMARK [2][]{Outline0.18}{Exercise}{}% 18
\BOOKMARK [2][]{Outline0.19}{Exercise}{}% 19
\BOOKMARK [2][]{Outline0.20}{Exercise}{}% 20
\BOOKMARK [2][]{Outline0.21}{Exercise}{}% 21
\BOOKMARK [2][]{Outline0.22}{Exercise}{}% 22
\BOOKMARK [2][]{Outline0.23}{Exercise}{}% 23
