\BOOKMARK [2][]{Outline0.1}{Metric Space}{}% 1
\BOOKMARK [2][]{Outline0.2}{Metric Space}{}% 2
\BOOKMARK [2][]{Outline0.3}{Metric Space}{}% 3
\BOOKMARK [2][]{Outline0.4}{Generalization of Convergence}{}% 4
\BOOKMARK [2][]{Outline0.5}{Cauchy Sequence}{}% 5
\BOOKMARK [2][]{Outline0.6}{Cauchy Sequence}{}% 6
\BOOKMARK [2][]{Outline0.7}{Cauchy Sequence}{}% 7
\BOOKMARK [2][]{Outline0.8}{Completeness}{}% 8
\BOOKMARK [2][]{Outline0.9}{Completeness}{}% 9
\BOOKMARK [2][]{Outline0.10}{Construct Real Numbers}{}% 10
\BOOKMARK [2][]{Outline0.11}{More about Cauchy sequence}{}% 11
\BOOKMARK [2][]{Outline0.12}{More about Cauchy sequence}{}% 12
\BOOKMARK [2][]{Outline0.13}{More about Cauchy sequence}{}% 13
\BOOKMARK [2][]{Outline0.14}{More about Cauchy sequence}{}% 14
\BOOKMARK [2][]{Outline0.15}{More about Cauchy sequence}{}% 15
\BOOKMARK [2][]{Outline0.16}{More about Cauchy sequence}{}% 16
\BOOKMARK [2][]{Outline0.17}{Exercise}{}% 17
\BOOKMARK [2][]{Outline0.18}{Exercise}{}% 18
\BOOKMARK [2][]{Outline0.19}{Solution}{}% 19
\BOOKMARK [2][]{Outline0.20}{Exercise}{}% 20
