\BOOKMARK [2][]{Outline0.1}{Differentiation}{}% 1
\BOOKMARK [2][]{Outline0.2}{Differentiation}{}% 2
\BOOKMARK [2][]{Outline0.3}{Derivative}{}% 3
\BOOKMARK [2][]{Outline0.4}{Derivative}{}% 4
\BOOKMARK [2][]{Outline0.5}{Derivative}{}% 5
\BOOKMARK [2][]{Outline0.6}{Derivative}{}% 6
\BOOKMARK [2][]{Outline0.7}{Derivative}{}% 7
\BOOKMARK [2][]{Outline0.8}{Derivative}{}% 8
\BOOKMARK [2][]{Outline0.9}{Rules of Differentiation}{}% 9
\BOOKMARK [2][]{Outline0.10}{Application of Differentiation}{}% 10
\BOOKMARK [2][]{Outline0.11}{Application of Differentiation}{}% 11
\BOOKMARK [2][]{Outline0.12}{Application of Differentiation}{}% 12
\BOOKMARK [2][]{Outline0.13}{Application of Differentiation}{}% 13
\BOOKMARK [2][]{Outline0.14}{Application of Differentiation}{}% 14
\BOOKMARK [2][]{Outline0.15}{Convexity and Concavity}{}% 15
\BOOKMARK [2][]{Outline0.16}{Convexity and Concavity}{}% 16
\BOOKMARK [2][]{Outline0.17}{Convexity and Concavity}{}% 17
\BOOKMARK [2][]{Outline0.18}{Convexity and Concavity}{}% 18
\BOOKMARK [2][]{Outline0.19}{L'Hopital's Rule}{}% 19
\BOOKMARK [2][]{Outline0.20}{L'Hopital's Rule}{}% 20
\BOOKMARK [2][]{Outline0.21}{L'Hopital's Rule}{}% 21
\BOOKMARK [2][]{Outline0.22}{L'Hopital's Rule}{}% 22
\BOOKMARK [2][]{Outline0.23}{Brief summary}{}% 23
\BOOKMARK [2][]{Outline0.24}{Exercise}{}% 24
\BOOKMARK [2][]{Outline0.25}{Exercise}{}% 25
\BOOKMARK [2][]{Outline0.26}{Exercise}{}% 26
\BOOKMARK [2][]{Outline0.27}{Exercise}{}% 27
\BOOKMARK [2][]{Outline0.28}{Exercise}{}% 28
\BOOKMARK [2][]{Outline0.29}{Exercise*}{}% 29
\BOOKMARK [2][]{Outline0.30}{Exercise*}{}% 30
\BOOKMARK [2][]{Outline0.31}{Exercise*}{}% 31
