\BOOKMARK [2][]{Outline0.1}{Convexity and Concavity}{}% 1
\BOOKMARK [2][]{Outline0.2}{Convexity and Concavity}{}% 2
\BOOKMARK [2][]{Outline0.3}{Convexity and Concavity}{}% 3
\BOOKMARK [2][]{Outline0.4}{Convexity and Concavity}{}% 4
\BOOKMARK [2][]{Outline0.5}{L'Hopital's Rule}{}% 5
\BOOKMARK [2][]{Outline0.6}{L'Hopital's Rule}{}% 6
\BOOKMARK [2][]{Outline0.7}{L'Hopital's Rule}{}% 7
\BOOKMARK [2][]{Outline0.8}{L'Hopital's Rule}{}% 8
\BOOKMARK [2][]{Outline0.9}{L'Hopital's Rule}{}% 9
\BOOKMARK [2][]{Outline0.10}{Vector Space and Subspace}{}% 10
\BOOKMARK [2][]{Outline0.11}{Vector Space and Subspace}{}% 11
\BOOKMARK [2][]{Outline0.12}{Vector Space and Subspace}{}% 12
\BOOKMARK [2][]{Outline0.13}{Vector Space and Subspace}{}% 13
\BOOKMARK [2][]{Outline0.14}{Vector Space and Subspace}{}% 14
\BOOKMARK [2][]{Outline0.15}{Vector Space and Subspace}{}% 15
\BOOKMARK [2][]{Outline0.16}{Vector Space and Subspace}{}% 16
\BOOKMARK [2][]{Outline0.17}{Vector Space and Subspace}{}% 17
\BOOKMARK [2][]{Outline0.18}{Vector Space and Subspace}{}% 18
\BOOKMARK [2][]{Outline0.19}{Norm}{}% 19
\BOOKMARK [2][]{Outline0.20}{Norm}{}% 20
\BOOKMARK [2][]{Outline0.21}{Convergence in Vector Space}{}% 21
\BOOKMARK [2][]{Outline0.22}{Continuity in Vector Space}{}% 22
\BOOKMARK [2][]{Outline0.23}{Exercise}{}% 23
\BOOKMARK [2][]{Outline0.24}{Exercise}{}% 24
\BOOKMARK [2][]{Outline0.25}{Exercise}{}% 25
\BOOKMARK [2][]{Outline0.26}{Exercise}{}% 26
\BOOKMARK [2][]{Outline0.27}{Exercise}{}% 27
\BOOKMARK [2][]{Outline0.28}{Exercise}{}% 28
\BOOKMARK [2][]{Outline0.29}{Exercise}{}% 29
\BOOKMARK [2][]{Outline0.30}{Exercise}{}% 30
\BOOKMARK [2][]{Outline0.31}{Exercise}{}% 31
\BOOKMARK [2][]{Outline0.32}{Exercise}{}% 32
